[2024-09-28 09:42:15] Response from active server: 
Junior DevOps Engineer - Home Task

real	0m0.004s
user	0m0.003s
sys	0m0.000s
---------------------------------------------
[2024-09-28 09:42:51] Response from active server: 
Junior DevOps Engineer - Home Task

real	0m0.004s
user	0m0.000s
sys	0m0.003s
---------------------------------------------
[2024-09-28 09:43:16] Response from active server: 96c0d9118ed0e
Junior DevOps Engineer - Home Task

real	0m0.004s
user	0m0.000s
sys	0m0.003s
---------------------------------------------
[2024-09-28 09:45:00] Response from active server: 96c0d9118ed0e
Junior DevOps Engineer - Home Task

real	0m0.003s
user	0m0.003s
sys	0m0.000s
---------------------------------------------
[2024-09-28 09:50:00] Response from active server: 96c0d9118ed0e
Junior DevOps Engineer - Home Task

real	0m0.003s
user	0m0.003s
sys	0m0.000s
---------------------------------------------
[2024-09-28 09:58:11] Response from active server: \n container_id: 4875154519c1e \n container_name: webz-001
Junior DevOps Engineer - Home Task

real	0m0.004s
user	0m0.003s
sys	0m0.000s
---------------------------------------------
[2024-09-28 09:59:12] Response from active server: 
 container_id: 4875154519c1e 
 container_name: webz-001
Junior DevOps Engineer - Home Task

real	0m0.004s
user	0m0.000s
sys	0m0.003s
---------------------------------------------
[2024-09-28 09:59:35] Response from active server: 
container_id: 4875154519c1e 
container_name: webz-001
Junior DevOps Engineer - Home Task

real	0m0.003s
user	0m0.003s
sys	0m0.000s
---------------------------------------------
[2024-09-28 10:00:00] Response from active server: 
container_id: 4875154519c1e 
container_name: webz-001
Junior DevOps Engineer - Home Task

real	0m0.003s
user	0m0.003s
sys	0m0.000s
---------------------------------------------
[2024-09-28 10:00:09] Response from active server: 
container_id: 973317fbb185e 
container_name: 
Junior DevOps Engineer - Home Task

real	0m0.004s
user	0m0.003s
sys	0m0.000s
---------------------------------------------
[2024-09-28 10:06:00] Response from active server: 
container_id: 4be82af04e05e 
container_name: webz-001
Junior DevOps Engineer - Home Task

real	0m0.003s
user	0m0.003s
sys	0m0.000s
---------------------------------------------
[2024-09-28 10:06:29] Response from active server: 
container_id: 9a555ecd1d6ce 
container_name: webz-002
Junior DevOps Engineer - Home Task

real	0m0.004s
user	0m0.000s
sys	0m0.003s
---------------------------------------------
[2024-09-28 10:10:00] Response from active server: 
container_id: 9a555ecd1d6ce 
container_name: webz-002
Junior DevOps Engineer - Home Task

real	0m0.003s
user	0m0.003s
sys	0m0.000s
---------------------------------------------
[2024-09-28 10:15:00] Response from active server: 
container_id: 9a555ecd1d6ce 
container_name: webz-002
Junior DevOps Engineer - Home Task

real	0m0.003s
user	0m0.003s
sys	0m0.000s
---------------------------------------------
[2024-09-28 10:20:00] Response from active server: 
container_id: 9a555ecd1d6ce 
container_name: webz-002
Junior DevOps Engineer - Home Task

real	0m0.003s
user	0m0.003s
sys	0m0.000s
---------------------------------------------
[2024-09-28 10:25:00] Response from active server: 
container_id: 9a555ecd1d6ce 
container_name: webz-002
Junior DevOps Engineer - Home Task

real	0m0.003s
user	0m0.003s
sys	0m0.000s
---------------------------------------------
[2024-09-28 10:40:56] Response from active server: 
container_id: 9a555ecd1d6ce 
container_name: webz-002
Junior DevOps Engineer - Home Task

real	0m0.003s
user	0m0.000s
sys	0m0.003s
---------------------------------------------
[2024-09-28 10:40:56] Response from active server: 
container_id: 9a555ecd1d6ce 
container_name: webz-002
Junior DevOps Engineer - Home Task

real	0m0.003s
user	0m0.003s
sys	0m0.000s
---------------------------------------------
[2024-09-28 10:45:56] Response from active server: 
container_id: 9a555ecd1d6ce 
container_name: webz-002
Junior DevOps Engineer - Home Task

real	0m0.004s
user	0m0.003s
sys	0m0.000s
---------------------------------------------
[2024-09-28 10:50:00] Response from active server: 
container_id: ae3a0da07cade 
container_name: webz-001
Junior DevOps Engineer - Home Task

real	0m0.004s
user	0m0.003s
sys	0m0.000s
---------------------------------------------
[2024-09-28 10:55:00] Response from active server: 
container_id: ae3a0da07cade 
container_name: webz-001
Junior DevOps Engineer - Home Task

real	0m0.003s
user	0m0.003s
sys	0m0.000s
---------------------------------------------
[2024-09-28 11:00:00] Response from active server: 
container_id: ae3a0da07cade 
container_name: webz-001
Junior DevOps Engineer - Home Task

real	0m0.003s
user	0m0.003s
sys	0m0.000s
---------------------------------------------
[2024-09-28 11:04:01] Response from active server: 
container_id: ae3a0da07cade 
container_name: webz-001
runtime:

Junior DevOps Engineer - Home Task

real	0m0.004s
user	0m0.003s
sys	0m0.000s
---------------------------------------------
[2024-09-28 11:04:44] Response from active server: 
container_id: ae3a0da07cade 
container_name: webz-001
Junior DevOps Engineer - Home Task

real	0m0.004s
user	0m0.000s
sys	0m0.003s
runtime:

---------------------------------------------
[2024-09-28 11:05:00] Response from active server: 
container_id: ae3a0da07cade 
container_name: webz-001
Junior DevOps Engineer - Home Task

real	0m0.004s
user	0m0.003s
sys	0m0.000s
runtime:

---------------------------------------------
[2024-09-28 11:07:00] Response from active server:
container_id: ae3a0da07cade
container_name: webz-001
---------------------------------------------
Response:
---------------------------------------------
Junior DevOps Engineer - Home Task

real	0m0.004s
user	0m0.003s
sys	0m0.000s
---------------------------------------------

[2024-09-28 11:07:42] Response from active server:
container_id: ae3a0da07cade
container_name: webz-001
Response:
Junior DevOps Engineer - Home Task

real	0m0.004s
user	0m0.003s
sys	0m0.000s
---------------------------------------------

[2024-09-28 11:07:55] Response from active server:
container_id: ae3a0da07cade
container_name: webz-001
Response:
Junior DevOps Engineer - Home Task

real	0m0.004s
user	0m0.003s
sys	0m0.000s
---------------------------------------------

[2024-09-28 11:08:46] Active server:
container_id: ae3a0da07cade
container_name: webz-001

Response:
Junior DevOps Engineer - Home Task

real	0m0.004s
user	0m0.003s
sys	0m0.000s
---------------------------------------------

[2024-09-28 11:10:00] Active server:
container_id: ae3a0da07cade
container_name: webz-001

Response:
Junior DevOps Engineer - Home Task

real	0m0.004s
user	0m0.003s
sys	0m0.000s
---------------------------------------------

[2024-09-28 11:15:00] Active server:
container_id: ae3a0da07cade
container_name: webz-001

Response:
Junior DevOps Engineer - Home Task

real	0m0.003s
user	0m0.003s
sys	0m0.000s
---------------------------------------------

[2024-09-28 11:20:00] Active server:
container_id: 373ae80a4b95e
container_name: webz-002

Response:
Junior DevOps Engineer - Home Task

real	0m0.004s
user	0m0.003s
sys	0m0.000s
---------------------------------------------

[2024-09-28 11:25:00] Active server:
container_id: 373ae80a4b95e
container_name: webz-002

Response:
Junior DevOps Engineer - Home Task

real	0m0.003s
user	0m0.003s
sys	0m0.000s
---------------------------------------------

[2024-09-28 11:30:00] Active server:
container_id: 373ae80a4b95e
container_name: webz-002

Response:
Junior DevOps Engineer - Home Task

real	0m0.003s
user	0m0.003s
sys	0m0.000s
---------------------------------------------

[2024-09-28 11:35:00] Active server:
container_id: 373ae80a4b95e
container_name: webz-002

Response:
Junior DevOps Engineer - Home Task

real	0m0.003s
user	0m0.003s
sys	0m0.000s
---------------------------------------------

[2024-09-28 11:40:00] Active server:
container_id: 373ae80a4b95e
container_name: webz-002

Response:
Junior DevOps Engineer - Home Task

real	0m0.004s
user	0m0.003s
sys	0m0.000s
---------------------------------------------

[2024-09-28 11:45:00] Active server:
container_id: 373ae80a4b95e
container_name: webz-002

Response:
Junior DevOps Engineer - Home Task

real	0m0.004s
user	0m0.003s
sys	0m0.000s
---------------------------------------------

[2024-09-28 11:50:00] Active server:
container_id: 373ae80a4b95e
container_name: webz-002

Response:
Junior DevOps Engineer - Home Task

real	0m0.004s
user	0m0.003s
sys	0m0.000s
---------------------------------------------

[2024-09-28 11:55:00] Active server:
container_id: 373ae80a4b95e
container_name: webz-002

Response:
Junior DevOps Engineer - Home Task

real	0m0.004s
user	0m0.003s
sys	0m0.000s
---------------------------------------------

[2024-09-28 12:00:00] Active server:
container_id: 373ae80a4b95e
container_name: webz-002

Response:
Junior DevOps Engineer - Home Task

real	0m0.004s
user	0m0.003s
sys	0m0.000s
---------------------------------------------

[2024-09-28 12:05:00] Active server:
container_id: 373ae80a4b95e
container_name: webz-002

Response:
Junior DevOps Engineer - Home Task

real	0m0.005s
user	0m0.000s
sys	0m0.003s
---------------------------------------------

[2024-09-28 12:10:00] Active server:
container_id: 373ae80a4b95e
container_name: webz-002

Response:
Junior DevOps Engineer - Home Task

real	0m0.004s
user	0m0.000s
sys	0m0.003s
---------------------------------------------

